2026.03.26 18:39:15 INFO  Started: Metals version 1.6.6 in folders 'C:\Users\mikke\OneDrive\Desktop\DTU\02139 Digital Electronics 2\chisel-lab' for client Visual Studio Code 1.113.0.
2026.03.26 18:39:15 INFO  Memory monitor started
2026.03.26 18:39:20 WARN  Using H2 2.4.240 which is newer than the version Flyway has been verified with. The latest verified version of H2 is 2.3.232.
2026.03.26 18:39:20 INFO  no build target found for C:\Users\mikke\OneDrive\Desktop\DTU\02139 Digital Electronics 2\chisel-lab\lab6\src\main\scala\DisplayMultiplexer.scala. Using presentation compiler with project's scala-library version: 3.3.7
2026.03.26 18:39:23 INFO  no build target found for C:\Users\mikke\OneDrive\Desktop\DTU\02139 Digital Electronics 2\chisel-lab\lab6\src\main\scala\DisplayMultiplexer.scala. Using presentation compiler with project's scala-library version: 3.3.7
2026.03.26 18:39:23 INFO  no build target found for C:\Users\mikke\OneDrive\Desktop\DTU\02139 Digital Electronics 2\chisel-lab\lab6\src\main\scala\DisplayMultiplexer.scala. Using presentation compiler with project's scala-library version: 3.3.7
Mar 26, 2026 6:39:23 PM org.eclipse.lsp4j.jsonrpc.RemoteEndpoint handleCancellation
WARNING: Unmatched cancel notification for request id 9
Mar 26, 2026 6:39:23 PM org.eclipse.lsp4j.jsonrpc.RemoteEndpoint handleCancellation
WARNING: Unmatched cancel notification for request id 11
2026.03.26 18:39:23 INFO  no build target found for C:\Users\mikke\OneDrive\Desktop\DTU\02139 Digital Electronics 2\chisel-lab\lab6\src\main\scala\DisplayMultiplexer.scala. Using presentation compiler with project's scala-library version: 3.3.7
Mar 26, 2026 6:39:24 PM org.eclipse.lsp4j.jsonrpc.RemoteEndpoint handleCancellation
WARNING: Unmatched cancel notification for request id 13
2026.03.26 18:39:23 INFO  no build target found for C:\Users\mikke\OneDrive\Desktop\DTU\02139 Digital Electronics 2\chisel-lab\lab6\src\main\scala\DisplayMultiplexer.scala. Using presentation compiler with project's scala-library version: 3.3.7
Mar 26, 2026 6:39:24 PM org.eclipse.lsp4j.jsonrpc.RemoteEndpoint handleCancellation
WARNING: Unmatched cancel notification for request id 14
2026.03.26 18:39:23 INFO  no build target found for C:\Users\mikke\OneDrive\Desktop\DTU\02139 Digital Electronics 2\chisel-lab\lab6\src\main\scala\DisplayMultiplexer.scala. Using presentation compiler with project's scala-library version: 3.3.7
2026.03.26 18:39:24 INFO  Attempting to connect to the build server...
Mar 26, 2026 6:39:24 PM org.eclipse.lsp4j.jsonrpc.RemoteEndpoint handleCancellation
WARNING: Unmatched cancel notification for request id 5
2026.03.26 18:39:23 INFO  no build target found for C:\Users\mikke\OneDrive\Desktop\DTU\02139 Digital Electronics 2\chisel-lab\lab6\src\main\scala\DisplayMultiplexer.scala. Using presentation compiler with project's scala-library version: 3.3.7
Mar 26, 2026 6:39:24 PM org.eclipse.lsp4j.jsonrpc.RemoteEndpoint handleCancellation
WARNING: Unmatched cancel notification for request id 16
2026.03.26 18:39:23 INFO  no build target found for C:\Users\mikke\OneDrive\Desktop\DTU\02139 Digital Electronics 2\chisel-lab\lab6\src\main\scala\DisplayMultiplexer.scala. Using presentation compiler with project's scala-library version: 3.3.7
2026.03.26 18:39:24 INFO  No running Bloop server found, starting one.
Mar 26, 2026 6:39:24 PM org.eclipse.lsp4j.jsonrpc.RemoteEndpoint handleCancellation
WARNING: Unmatched cancel notification for request id 12
Mar 26, 2026 6:39:24 PM org.eclipse.lsp4j.jsonrpc.RemoteEndpoint handleCancellation
WARNING: Unmatched cancel notification for request id 18
2026.03.26 18:39:24 INFO  no build target found for C:\Users\mikke\OneDrive\Desktop\DTU\02139 Digital Electronics 2\chisel-lab\lab6\src\main\scala\DisplayMultiplexer.scala. Using presentation compiler with project's scala-library version: 3.3.7
Mar 26, 2026 6:39:24 PM org.eclipse.lsp4j.jsonrpc.RemoteEndpoint handleCancellation
WARNING: Unmatched cancel notification for request id 23
2026.03.26 18:39:25 INFO  no build target found for C:\Users\mikke\OneDrive\Desktop\DTU\02139 Digital Electronics 2\chisel-lab\lab6\src\main\scala\DisplayMultiplexer.scala. Using presentation compiler with project's scala-library version: 3.3.7
2026.03.26 18:39:25 WARN  no build target for: C:\Users\mikke\OneDrive\Desktop\DTU\02139 Digital Electronics 2\chisel-lab\lab6\src\main\scala\DisplayMultiplexer.scala
2026.03.26 18:39:26 INFO  Starting compilation server
2026.03.26 18:39:29 INFO  Shutting down server
2026.03.26 18:39:29 INFO  Memory monitor stopped
2026.03.26 18:39:29 INFO  shutting down Metals
2026.03.26 18:39:29 INFO  tracing is disabled for protocol BSP, to enable tracing of incoming and outgoing JSON messages create an empty file at C:\Users\mikke\OneDrive\Desktop\DTU\02139 Digital Electronics 2\chisel-lab\.metals\bsp.trace.json or C:\Users\mikke\AppData\Local\scalameta\metals\cache\bsp.trace.json
2026.03.26 18:39:30 WARN  Using H2 2.4.240 which is newer than the version Flyway has been verified with. The latest verified version of H2 is 2.3.232.
2026.03.26 18:39:30 INFO  Exiting server
